#
# There is insufficient memory for the Java Runtime Environment to continue.
# Native memory allocation (mmap) failed to map 268435456 bytes for G1 virtual space
# Possible reasons:
#   The system is out of physical RAM or swap space
#   The process is running with CompressedOops enabled, and the Java Heap may be blocking the growth of the native heap
# Possible solutions:
#   Reduce memory load on the system
#   Increase physical memory or swap space
#   Check if swap backing store is full
#   Decrease Java heap size (-Xmx/-Xms)
#   Decrease number of Java threads
#   Decrease Java thread stack sizes (-Xss)
#   Set larger code cache with -XX:ReservedCodeCacheSize=
#   JVM is running with Zero Based Compressed Oops mode in which the Java heap is
#     placed in the first 32GB address space. The Java Heap base address is the
#     maximum limit for the native heap growth. Please use -XX:HeapBaseMinAddress
#     to set the Java Heap base and to place the Java Heap above 32GB virtual address.
# This output file may be truncated or incomplete.
#
#  Out of Memory Error (os_windows.cpp:3530), pid=16376, tid=11996
#
# JRE version:  (18.0+36) (build )
# Java VM: Java HotSpot(TM) 64-Bit Server VM (18+36-2087, mixed mode, sharing, tiered, compressed oops, compressed class ptrs, g1 gc, windows-amd64)
# No core dump will be written. Minidumps are not enabled by default on client versions of Windows
#

---------------  S U M M A R Y ------------

Command Line: C:\Users\Pavel\AppData\Local\Temp\surefire14592082377602471108\surefirebooter14545361080666791599.jar C:\Users\Pavel\AppData\Local\Temp\surefire14592082377602471108 2022-10-16T18-17-58_750-jvmRun1 surefire5922203686134277799tmp surefire_01567626872591466304tmp

Host: Intel(R) Core(TM) i7-7700 CPU @ 3.60GHz, 8 cores, 15G,  Windows 10 , 64 bit Build 19041 (10.0.19041.1889)
Time: Sun Oct 16 18:17:59 2022 RTZ 2 (s 10 , 64 bit Build 19041 (10.0.19041.1889) elapsed time: 0.007699 seconds (0d 0h 0m 0s)

---------------  T H R E A D  ---------------

Current thread (0x0000019ea4890c20):  JavaThread "Unknown thread" [_thread_in_vm, id=11996, stack(0x00000058def00000,0x00000058df000000)]

Stack: [0x00000058def00000,0x00000058df000000]
Native frames: (J=compiled Java code, j=interpreted, Vv=VM code, C=native code)
V  [jvm.dll+0x69804a]
V  [jvm.dll+0x7f308d]
V  [jvm.dll+0x7f499e]
V  [jvm.dll+0x7f5053]
V  [jvm.dll+0x25ca3f]
V  [jvm.dll+0x694f99]
V  [jvm.dll+0x689aca]
V  [jvm.dll+0x321efb]
V  [jvm.dll+0x3298d6]
V  [jvm.dll+0x37e47e]
V  [jvm.dll+0x37e6af]
V  [jvm.dll+0x2f9c7a]
V  [jvm.dll+0x2facdd]
V  [jvm.dll+0x7c1cc0]
V  [jvm.dll+0x38b801]
V  [jvm.dll+0x7a09d3]
V  [jvm.dll+0x40d6bf]
V  [jvm.dll+0x40f091]
C  [jli.dll+0x526b]
C  [ucrtbase.dll+0x21bb2]
C  [KERNEL32.DLL+0x17034]
C  [ntdll.dll+0x526a1]


---------------  P R O C E S S  ---------------

Threads class SMR info:
_java_thread_list=0x00007ffe378be550, length=0, elements={
}

Java Threads: ( => current thread )

Other Threads:
  0x0000019ea4901250 WorkerThread "GC Thread#0" [stack: 0x00000058df000000,0x00000058df100000] [id=7288]
  0x0000019ea49140f0 ConcurrentGCThread "G1 Main Marker" [stack: 0x00000058df100000,0x00000058df200000] [id=22904]
  0x0000019ea4915280 WorkerThread "G1 Conc#0" [stack: 0x00000058df200000,0x00000058df300000] [id=3636]

[error occurred during error reporting (printing all threads), id 0xc0000005, EXCEPTION_ACCESS_VIOLATION (0xc0000005) at pc=0x00007ffe370ea217]

VM state: not at safepoint (not fully initialized)

VM Mutex/Monitor currently owned by a thread:  ([mutex/lock_event])
[0x0000019ea488d010] Heap_lock - owner thread: 0x0000019ea4890c20

Heap address: 0x0000000700a00000, size: 4086 MB, Compressed Oops mode: Zero based, Oop shift amount: 3

CDS archive(s) mapped at: [0x0000000000000000-0x0000000000000000-0x0000000000000000), size 0, SharedBaseAddress: 0x0000000800000000, ArchiveRelocationMode: 0.
Narrow klass base: 0x0000000000000000, Narrow klass shift: 0, Narrow klass range: 0x0

GC Precious Log:
 CardTable entry size: 512
 Card Set container configuration: InlinePtr #cards 4 size 8 Array Of Cards #cards 16 size 48 Howl #buckets 8 coarsen threshold 3686 Howl Bitmap #cards 512 size 80 coarsen threshold 460 Card regions per heap region 1 cards per card region 4096

Heap:
 garbage-first heap   total 0K, used 0K [0x0000000700a00000, 0x0000000800000000)
  region size 2048K, 0 young (0K), 0 survivors (0K)

[error occurred during error reporting (printing heap information), id 0xc0000005, EXCEPTION_ACCESS_VIOLATION (0xc0000005) at pc=0x00007ffe374d0489]

GC Heap History (0 events):
No events

Deoptimization events (0 events):
No events

Classes loaded (0 events):
No events

Classes unloaded (0 events):
No events

Classes redefined (0 events):
No events

Internal exceptions (0 events):
No events

VM Operations (0 events):
No events

Events (1 events):
Event: 0.004 Loaded shared library C:\Program Files\Java\jdk-18\bin\java.dll


Dynamic libraries:
0x00007ff731c10000 - 0x00007ff731c20000 	C:\Program Files\Java\jdk-18\bin\java.exe
0x00007ffe53b90000 - 0x00007ffe53d88000 	C:\WINDOWS\SYSTEM32\ntdll.dll
0x00007ffe53930000 - 0x00007ffe539ed000 	C:\WINDOWS\System32\KERNEL32.DLL
0x00007ffe51570000 - 0x00007ffe51842000 	C:\WINDOWS\System32\KERNELBASE.dll
0x00007ffe51470000 - 0x00007ffe51570000 	C:\WINDOWS\System32\ucrtbase.dll
0x00007ffe39170000 - 0x00007ffe3918a000 	C:\Program Files\Java\jdk-18\bin\VCRUNTIME140.dll
0x00007ffe39150000 - 0x00007ffe39168000 	C:\Program Files\Java\jdk-18\bin\jli.dll
0x00007ffe53aa0000 - 0x00007ffe53b4e000 	C:\WINDOWS\System32\ADVAPI32.dll
0x00007ffe52f20000 - 0x00007ffe52fbe000 	C:\WINDOWS\System32\msvcrt.dll
0x00007ffe539f0000 - 0x00007ffe53a8c000 	C:\WINDOWS\System32\sechost.dll
0x00007ffe527d0000 - 0x00007ffe528f5000 	C:\WINDOWS\System32\RPCRT4.dll
0x00007ffe52d80000 - 0x00007ffe52f1d000 	C:\WINDOWS\System32\USER32.dll
0x00007ffe3ed60000 - 0x00007ffe3effa000 	C:\WINDOWS\WinSxS\amd64_microsoft.windows.common-controls_6595b64144ccf1df_6.0.19041.1110_none_60b5254171f9507e\COMCTL32.dll
0x00007ffe51440000 - 0x00007ffe51462000 	C:\WINDOWS\System32\win32u.dll
0x00007ffe52740000 - 0x00007ffe5276b000 	C:\WINDOWS\System32\GDI32.dll
0x00007ffe51a70000 - 0x00007ffe51b7f000 	C:\WINDOWS\System32\gdi32full.dll
0x00007ffe51350000 - 0x00007ffe513ed000 	C:\WINDOWS\System32\msvcp_win.dll
0x00007ffe4bb90000 - 0x00007ffe4bb9a000 	C:\WINDOWS\SYSTEM32\VERSION.dll
0x00007ffe53140000 - 0x00007ffe53170000 	C:\WINDOWS\System32\IMM32.DLL
0x00007ffe39430000 - 0x00007ffe3943c000 	C:\Program Files\Java\jdk-18\bin\vcruntime140_1.dll
0x00007ffe390c0000 - 0x00007ffe3914d000 	C:\Program Files\Java\jdk-18\bin\msvcp140.dll
0x00007ffe36de0000 - 0x00007ffe379f1000 	C:\Program Files\Java\jdk-18\bin\server\jvm.dll
0x00007ffe53920000 - 0x00007ffe53928000 	C:\WINDOWS\System32\PSAPI.DLL
0x00007ffe3ba50000 - 0x00007ffe3ba59000 	C:\WINDOWS\SYSTEM32\WSOCK32.dll
0x00007ffe4a860000 - 0x00007ffe4a887000 	C:\WINDOWS\SYSTEM32\WINMM.dll
0x00007ffe52340000 - 0x00007ffe523ab000 	C:\WINDOWS\System32\WS2_32.dll
0x00007ffe4f180000 - 0x00007ffe4f192000 	C:\WINDOWS\SYSTEM32\kernel.appcore.dll
0x00007ffe38860000 - 0x00007ffe3886a000 	C:\Program Files\Java\jdk-18\bin\jimage.dll
0x00007ffe3f960000 - 0x00007ffe3fb44000 	C:\WINDOWS\SYSTEM32\DBGHELP.DLL
0x00007ffe39380000 - 0x00007ffe393ac000 	C:\WINDOWS\SYSTEM32\dbgcore.DLL
0x00007ffe51850000 - 0x00007ffe518d2000 	C:\WINDOWS\System32\bcryptPrimitives.dll
0x00007ffe36730000 - 0x00007ffe36755000 	C:\Program Files\Java\jdk-18\bin\java.dll

dbghelp: loaded successfully - version: 4.0.5 - missing functions: none
symbol engine: initialized successfully - sym options: 0x614 - pdb path: .;C:\Program Files\Java\jdk-18\bin;C:\WINDOWS\SYSTEM32;C:\WINDOWS\WinSxS\amd64_microsoft.windows.common-controls_6595b64144ccf1df_6.0.19041.1110_none_60b5254171f9507e;C:\Program Files\Java\jdk-18\bin\server

VM Arguments:
java_command: C:\Users\Pavel\AppData\Local\Temp\surefire14592082377602471108\surefirebooter14545361080666791599.jar C:\Users\Pavel\AppData\Local\Temp\surefire14592082377602471108 2022-10-16T18-17-58_750-jvmRun1 surefire5922203686134277799tmp surefire_01567626872591466304tmp
java_class_path (initial): C:\Users\Pavel\AppData\Local\Temp\surefire14592082377602471108\surefirebooter14545361080666791599.jar
Launcher Type: SUN_STANDARD

[Global flags]
     intx CICompilerCount                          = 4                                         {product} {ergonomic}
     uint ConcGCThreads                            = 2                                         {product} {ergonomic}
     uint G1ConcRefinementThreads                  = 8                                         {product} {ergonomic}
   size_t G1HeapRegionSize                         = 2097152                                   {product} {ergonomic}
    uintx GCDrainStackTargetSize                   = 64                                        {product} {ergonomic}
   size_t InitialHeapSize                          = 268435456                                 {product} {ergonomic}
   size_t MarkStackSize                            = 4194304                                   {product} {ergonomic}
   size_t MaxHeapSize                              = 4284481536                                {product} {ergonomic}
   size_t MinHeapDeltaBytes                        = 2097152                                   {product} {ergonomic}
   size_t MinHeapSize                              = 8388608                                   {product} {ergonomic}
    uintx NonNMethodCodeHeapSize                   = 5839372                                {pd product} {ergonomic}
    uintx NonProfiledCodeHeapSize                  = 122909434                              {pd product} {ergonomic}
    uintx ProfiledCodeHeapSize                     = 122909434                              {pd product} {ergonomic}
    uintx ReservedCodeCacheSize                    = 251658240                              {pd product} {ergonomic}
     bool SegmentedCodeCache                       = true                                      {product} {ergonomic}
   size_t SoftMaxHeapSize                          = 4284481536                             {manageable} {ergonomic}
     bool UseCompressedClassPointers               = true                           {product lp64_product} {ergonomic}
     bool UseCompressedOops                        = true                           {product lp64_product} {ergonomic}
     bool UseG1GC                                  = true                                      {product} {ergonomic}
     bool UseLargePagesIndividualAllocation        = false                                  {pd product} {ergonomic}

Logging:
Log output configuration:
 #0: stdout all=warning uptime,level,tags foldmultilines=false
 #1: stderr all=off uptime,level,tags foldmultilines=false

Environment Variables:
JAVA_HOME=C:\Program Files\Java\jdk-18
PATH=C:\Program Files\Common Files\Oracle\Java\javapath;C:\Program Files (x86)\Common Files\Oracle\Java\javapath;C:\ProgramData\Oracle\Java\javapath;C:\Windows\system32;C:\Windows;C:\Windows\System32\Wbem;C:\Windows\System32\WindowsPowerShell\v1.0\;C:\Windows\System32\OpenSSH\;C:\Program Files\NVIDIA Corporation\NVIDIA NvDLISR;C:\Program Files (x86)\NVIDIA Corporation\PhysX\Common;C:\Program Files\Microsoft SQL Server\130\Tools\Binn\;C:\Program Files\Microsoft SQL Server\Client SDK\ODBC\170\Tools\Binn\;C:\WINDOWS\system32;C:\WINDOWS;C:\WINDOWS\System32\Wbem;C:\WINDOWS\System32\WindowsPowerShell\v1.0\;C:\WINDOWS\System32\OpenSSH\;C:\Program Files\dotnet\;C:\Program Files\nodejs\;C:\Program Files\Git\cmd;C:\Users\Pavel\AppData\Local\Microsoft\WindowsApps;C:\Users\Pavel\.dotnet\tools;C:\php;C:\php\bin;C:\Users\Pavel\AppData\Roaming\npm;C:\Program Files\apache-maven-3.8.6\bin;C:\Program Files\PostgreSQL\14\bin;;C:\Users\Pavel\AppData\Local\JetBrains\Toolbox\scripts;C:\Program Files\JetBrains\IntelliJ IDEA 2022.2\bin;
USERNAME=Pavel
OS=Windows_NT
PROCESSOR_IDENTIFIER=Intel64 Family 6 Model 158 Stepping 9, GenuineIntel



---------------  S Y S T E M  ---------------

OS:
 Windows 10 , 64 bit Build 19041 (10.0.19041.1889)
OS uptime: 3 days 10:52 hours

CPU: total 8 (initial active 8) (4 cores per cpu, 2 threads per core) family 6 model 158 stepping 9 microcode 0xb4, cx8, cmov, fxsr, ht, mmx, 3dnowpref, sse, sse2, sse3, ssse3, sse4.1, sse4.2, popcnt, lzcnt, tsc, tscinvbit, avx, avx2, aes, erms, clmul, bmi1, bmi2, rtm, adx, fma, vzeroupper, clflush, clflushopt

Memory: 4k page, system-wide physical 16342M (1706M free)
TotalPageFile size 26342M (AvailPageFile size 122M)
current process WorkingSet (physical memory assigned to process): 10M, peak: 10M
current process commit charge ("private bytes"): 60M, peak: 316M

vm_info: Java HotSpot(TM) 64-Bit Server VM (18+36-2087) for windows-amd64 JRE (18+36-2087), built on Feb 15 2022 09:43:11 by "mach5one" with MS VC++ 16.8 / 16.9 (VS2019)

END.
