#
# There is insufficient memory for the Java Runtime Environment to continue.
# Native memory allocation (malloc) failed to allocate 747840 bytes for Chunk::new
# Possible reasons:
#   The system is out of physical RAM or swap space
#   The process is running with CompressedOops enabled, and the Java Heap may be blocking the growth of the native heap
# Possible solutions:
#   Reduce memory load on the system
#   Increase physical memory or swap space
#   Check if swap backing store is full
#   Decrease Java heap size (-Xmx/-Xms)
#   Decrease number of Java threads
#   Decrease Java thread stack sizes (-Xss)
#   Set larger code cache with -XX:ReservedCodeCacheSize=
#   JVM is running with Zero Based Compressed Oops mode in which the Java heap is
#     placed in the first 32GB address space. The Java Heap base address is the
#     maximum limit for the native heap growth. Please use -XX:HeapBaseMinAddress
#     to set the Java Heap base and to place the Java Heap above 32GB virtual address.
# This output file may be truncated or incomplete.
#
#  Out of Memory Error (arena.cpp:184), pid=22484, tid=13908
#
# JRE version: Java(TM) SE Runtime Environment (18.0+36) (build 18+36-2087)
# Java VM: Java HotSpot(TM) 64-Bit Server VM (18+36-2087, mixed mode, sharing, tiered, compressed oops, compressed class ptrs, g1 gc, windows-amd64)
# No core dump will be written. Minidumps are not enabled by default on client versions of Windows
#

---------------  S U M M A R Y ------------

Command Line: C:\Users\Pavel\AppData\Local\Temp\surefire11954943987405727862\surefirebooter11855176870909283585.jar C:\Users\Pavel\AppData\Local\Temp\surefire11954943987405727862 2022-10-16T18-18-41_219-jvmRun1 surefire6399874898486246867tmp surefire_04461245070218997434tmp

Host: Intel(R) Core(TM) i7-7700 CPU @ 3.60GHz, 8 cores, 15G,  Windows 10 , 64 bit Build 19041 (10.0.19041.1889)
Time: Sun Oct 16 18:18:42 2022 RTZ 2 (s 10 , 64 bit Build 19041 (10.0.19041.1889) elapsed time: 1.048274 seconds (0d 0h 0m 1s)

---------------  T H R E A D  ---------------

Current thread (0x0000026e616527d0):  JavaThread "C2 CompilerThread0" daemon [_thread_in_native, id=13908, stack(0x000000b61cd00000,0x000000b61ce00000)]


Current CompileTask:
C2:   1048 2004       4       jdk.internal.loader.URLClassPath::getResource (74 bytes)

Stack: [0x000000b61cd00000,0x000000b61ce00000]
Native frames: (J=compiled Java code, j=interpreted, Vv=VM code, C=native code)
V  [jvm.dll+0x69804a]
V  [jvm.dll+0x7f308d]
V  [jvm.dll+0x7f499e]
V  [jvm.dll+0x7f5053]
V  [jvm.dll+0x25ca3f]
V  [jvm.dll+0xb8c2f]
V  [jvm.dll+0xb8fa5]
V  [jvm.dll+0x385a6b]
V  [jvm.dll+0x1d29a8]
V  [jvm.dll+0x22fd79]
V  [jvm.dll+0x22eff1]
V  [jvm.dll+0x1b9cfc]
V  [jvm.dll+0x23e8ca]
V  [jvm.dll+0x23cbac]
V  [jvm.dll+0x7a5781]
V  [jvm.dll+0x79fbba]
V  [jvm.dll+0x696ef5]
C  [ucrtbase.dll+0x21bb2]
C  [KERNEL32.DLL+0x17034]
C  [ntdll.dll+0x526a1]


---------------  P R O C E S S  ---------------

Threads class SMR info:
_java_thread_list=0x0000026e665c2d50, length=17, elements={
0x0000026e3e8413a0, 0x0000026e6162c5a0, 0x0000026e6162d8b0, 0x0000026e61649230,
0x0000026e61649ae0, 0x0000026e6164cb40, 0x0000026e61651310, 0x0000026e616527d0,
0x0000026e61656880, 0x0000026e61665970, 0x0000026e658a6450, 0x0000026e658ab7d0,
0x0000026e658d09e0, 0x0000026e65979c90, 0x0000026e65b2d2c0, 0x0000026e66ce7fc0,
0x0000026e6663bb80
}

Java Threads: ( => current thread )
  0x0000026e3e8413a0 JavaThread "main" [_thread_in_Java, id=7092, stack(0x000000b61c000000,0x000000b61c100000)]
  0x0000026e6162c5a0 JavaThread "Reference Handler" daemon [_thread_blocked, id=23540, stack(0x000000b61c700000,0x000000b61c800000)]
  0x0000026e6162d8b0 JavaThread "Finalizer" daemon [_thread_blocked, id=19732, stack(0x000000b61c800000,0x000000b61c900000)]
  0x0000026e61649230 JavaThread "Signal Dispatcher" daemon [_thread_blocked, id=18676, stack(0x000000b61c900000,0x000000b61ca00000)]
  0x0000026e61649ae0 JavaThread "Attach Listener" daemon [_thread_blocked, id=18360, stack(0x000000b61ca00000,0x000000b61cb00000)]
  0x0000026e6164cb40 JavaThread "Service Thread" daemon [_thread_blocked, id=4204, stack(0x000000b61cb00000,0x000000b61cc00000)]
  0x0000026e61651310 JavaThread "Monitor Deflation Thread" daemon [_thread_blocked, id=11092, stack(0x000000b61cc00000,0x000000b61cd00000)]
=>0x0000026e616527d0 JavaThread "C2 CompilerThread0" daemon [_thread_in_native, id=13908, stack(0x000000b61cd00000,0x000000b61ce00000)]
  0x0000026e61656880 JavaThread "C1 CompilerThread0" daemon [_thread_blocked, id=6180, stack(0x000000b61ce00000,0x000000b61cf00000)]
  0x0000026e61665970 JavaThread "Sweeper thread" daemon [_thread_blocked, id=14616, stack(0x000000b61cf00000,0x000000b61d000000)]
  0x0000026e658a6450 JavaThread "Notification Thread" daemon [_thread_blocked, id=14812, stack(0x000000b61d000000,0x000000b61d100000)]
  0x0000026e658ab7d0 JavaThread "Common-Cleaner" daemon [_thread_blocked, id=11468, stack(0x000000b61d200000,0x000000b61d300000)]
  0x0000026e658d09e0 JavaThread "surefire-forkedjvm-command-thread" daemon [_thread_in_native, id=9648, stack(0x000000b61d300000,0x000000b61d400000)]
  0x0000026e65979c90 JavaThread "surefire-forkedjvm-ping-30s" daemon [_thread_blocked, id=16376, stack(0x000000b61d400000,0x000000b61d500000)]
  0x0000026e65b2d2c0 JavaThread "C2 CompilerThread1" daemon [_thread_in_native, id=11996, stack(0x000000b61d500000,0x000000b61d600000)]
  0x0000026e66ce7fc0 JavaThread "C2 CompilerThread2" daemon [_thread_blocked, id=8968, stack(0x000000b61dd00000,0x000000b61de00000)]
  0x0000026e6663bb80 JavaThread "background-preinit" [_thread_in_vm, id=13208, stack(0x000000b61df00000,0x000000b61e000000)]

Other Threads:
  0x0000026e3e8cec40 VMThread "VM Thread" [stack: 0x000000b61c600000,0x000000b61c700000] [id=10388]
  0x0000026e658ab150 WatcherThread "VM Periodic Task Thread" [stack: 0x000000b61d100000,0x000000b61d200000] [id=22196]
  0x0000026e3e8b1ca0 WorkerThread "GC Thread#0" [stack: 0x000000b61c100000,0x000000b61c200000] [id=21804]
  0x0000026e65ff9670 WorkerThread "GC Thread#1" [stack: 0x000000b61d600000,0x000000b61d700000] [id=14232]
  0x0000026e65ff9910 WorkerThread "GC Thread#2" [stack: 0x000000b61d700000,0x000000b61d800000] [id=2980]
  0x0000026e65ff9bb0 WorkerThread "GC Thread#3" [stack: 0x000000b61d800000,0x000000b61d900000] [id=2564]
  0x0000026e65ff9e50 WorkerThread "GC Thread#4" [stack: 0x000000b61d900000,0x000000b61da00000] [id=6380]
  0x0000026e660d6410 WorkerThread "GC Thread#5" [stack: 0x000000b61da00000,0x000000b61db00000] [id=16348]
  0x0000026e663ec080 WorkerThread "GC Thread#6" [stack: 0x000000b61db00000,0x000000b61dc00000] [id=13316]
  0x0000026e6722f4d0 WorkerThread "GC Thread#7" [stack: 0x000000b61de00000,0x000000b61df00000] [id=17292]
  0x0000026e3e8c4a50 ConcurrentGCThread "G1 Main Marker" [stack: 0x000000b61c200000,0x000000b61c300000] [id=5116]
  0x0000026e3e8c5af0 WorkerThread "G1 Conc#0" [stack: 0x000000b61c300000,0x000000b61c400000] [id=16304]
  0x0000026e3e90e720 ConcurrentGCThread "G1 Refine#0" [stack: 0x000000b61c400000,0x000000b61c500000] [id=23272]
  0x0000026e65ce7030 ConcurrentGCThread "G1 Refine#1" [stack: 0x000000b61dc00000,0x000000b61dd00000] [id=22780]
  0x0000026e614e80b0 ConcurrentGCThread "G1 Service" [stack: 0x000000b61c500000,0x000000b61c600000] [id=22884]

Threads with active compile tasks:
C2 CompilerThread0     1058 2004       4       jdk.internal.loader.URLClassPath::getResource (74 bytes)
C1 CompilerThread0     1058 2179       3       java.lang.invoke.SimpleMethodHandle::make (10 bytes)
C2 CompilerThread1     1058 2115   !   4       java.util.zip.InflaterInputStream::read (122 bytes)
C2 CompilerThread2     1059 2174   !   4       jdk.internal.loader.BuiltinClassLoader::loadClassOrNull (143 bytes)

VM state: not at safepoint (normal execution)

VM Mutex/Monitor currently owned by a thread: None

Heap address: 0x0000000700a00000, size: 4086 MB, Compressed Oops mode: Zero based, Oop shift amount: 3

CDS archive(s) mapped at: [0x0000000800000000-0x0000000800ba0000-0x0000000800ba0000), size 12189696, SharedBaseAddress: 0x0000000800000000, ArchiveRelocationMode: 0.
Compressed class space mapped at: 0x0000000800c00000-0x0000000840c00000, reserved size: 1073741824
Narrow klass base: 0x0000000800000000, Narrow klass shift: 0, Narrow klass range: 0x100000000

GC Precious Log:
 CardTable entry size: 512
 Card Set container configuration: InlinePtr #cards 4 size 8 Array Of Cards #cards 16 size 48 Howl #buckets 8 coarsen threshold 3686 Howl Bitmap #cards 512 size 80 coarsen threshold 460 Card regions per heap region 1 cards per card region 4096
 CPUs: 8 total, 8 available
 Memory: 16342M
 Large Page Support: Disabled
 NUMA Support: Disabled
 Compressed Oops: Enabled (Zero based)
 Heap Region Size: 2M
 Heap Min Capacity: 8M
 Heap Initial Capacity: 256M
 Heap Max Capacity: 4086M
 Pre-touch: Disabled
 Parallel Workers: 8
 Concurrent Workers: 2
 Concurrent Refinement Workers: 8
 Periodic GC: Disabled

Heap:
 garbage-first heap   total 262144K, used 33140K [0x0000000700a00000, 0x0000000800000000)
  region size 2048K, 14 young (28672K), 1 survivors (2048K)
 Metaspace       used 17062K, committed 17280K, reserved 1114112K
  class space    used 2264K, committed 2368K, reserved 1048576K

Heap Regions: E=young(eden), S=young(survivor), O=old, HS=humongous(starts), HC=humongous(continues), CS=collection set, F=free, OA=open archive, CA=closed archive, TAMS=top-at-mark-start (previous, next)
|   0|0x0000000700a00000, 0x0000000700c00000, 0x0000000700c00000|100%| O|  |TAMS 0x0000000700a00000, 0x0000000700a00000| Untracked 
|   1|0x0000000700c00000, 0x0000000700e00000, 0x0000000700e00000|100%| O|  |TAMS 0x0000000700c00000, 0x0000000700c00000| Untracked 
|   2|0x0000000700e00000, 0x0000000701000000, 0x0000000701000000|100%| O|  |TAMS 0x0000000700e00000, 0x0000000700e00000| Untracked 
|   3|0x0000000701000000, 0x000000070109d400, 0x0000000701200000| 30%| O|  |TAMS 0x0000000701000000, 0x0000000701000000| Untracked 
|   4|0x0000000701200000, 0x0000000701200000, 0x0000000701400000|  0%| F|  |TAMS 0x0000000701200000, 0x0000000701200000| Untracked 
|   5|0x0000000701400000, 0x0000000701400000, 0x0000000701600000|  0%| F|  |TAMS 0x0000000701400000, 0x0000000701400000| Untracked 
|   6|0x0000000701600000, 0x0000000701600000, 0x0000000701800000|  0%| F|  |TAMS 0x0000000701600000, 0x0000000701600000| Untracked 
|   7|0x0000000701800000, 0x0000000701800000, 0x0000000701a00000|  0%| F|  |TAMS 0x0000000701800000, 0x0000000701800000| Untracked 
|   8|0x0000000701a00000, 0x0000000701a00000, 0x0000000701c00000|  0%| F|  |TAMS 0x0000000701a00000, 0x0000000701a00000| Untracked 
|   9|0x0000000701c00000, 0x0000000701c00000, 0x0000000701e00000|  0%| F|  |TAMS 0x0000000701c00000, 0x0000000701c00000| Untracked 
|  10|0x0000000701e00000, 0x0000000701e00000, 0x0000000702000000|  0%| F|  |TAMS 0x0000000701e00000, 0x0000000701e00000| Untracked 
|  11|0x0000000702000000, 0x0000000702000000, 0x0000000702200000|  0%| F|  |TAMS 0x0000000702000000, 0x0000000702000000| Untracked 
|  12|0x0000000702200000, 0x0000000702200000, 0x0000000702400000|  0%| F|  |TAMS 0x0000000702200000, 0x0000000702200000| Untracked 
|  13|0x0000000702400000, 0x0000000702400000, 0x0000000702600000|  0%| F|  |TAMS 0x0000000702400000, 0x0000000702400000| Untracked 
|  14|0x0000000702600000, 0x0000000702600000, 0x0000000702800000|  0%| F|  |TAMS 0x0000000702600000, 0x0000000702600000| Untracked 
|  15|0x0000000702800000, 0x0000000702800000, 0x0000000702a00000|  0%| F|  |TAMS 0x0000000702800000, 0x0000000702800000| Untracked 
|  16|0x0000000702a00000, 0x0000000702a00000, 0x0000000702c00000|  0%| F|  |TAMS 0x0000000702a00000, 0x0000000702a00000| Untracked 
|  17|0x0000000702c00000, 0x0000000702c00000, 0x0000000702e00000|  0%| F|  |TAMS 0x0000000702c00000, 0x0000000702c00000| Untracked 
|  18|0x0000000702e00000, 0x0000000702e00000, 0x0000000703000000|  0%| F|  |TAMS 0x0000000702e00000, 0x0000000702e00000| Untracked 
|  19|0x0000000703000000, 0x0000000703000000, 0x0000000703200000|  0%| F|  |TAMS 0x0000000703000000, 0x0000000703000000| Untracked 
|  20|0x0000000703200000, 0x0000000703200000, 0x0000000703400000|  0%| F|  |TAMS 0x0000000703200000, 0x0000000703200000| Untracked 
|  21|0x0000000703400000, 0x0000000703400000, 0x0000000703600000|  0%| F|  |TAMS 0x0000000703400000, 0x0000000703400000| Untracked 
|  22|0x0000000703600000, 0x0000000703600000, 0x0000000703800000|  0%| F|  |TAMS 0x0000000703600000, 0x0000000703600000| Untracked 
|  23|0x0000000703800000, 0x0000000703800000, 0x0000000703a00000|  0%| F|  |TAMS 0x0000000703800000, 0x0000000703800000| Untracked 
|  24|0x0000000703a00000, 0x0000000703a00000, 0x0000000703c00000|  0%| F|  |TAMS 0x0000000703a00000, 0x0000000703a00000| Untracked 
|  25|0x0000000703c00000, 0x0000000703c00000, 0x0000000703e00000|  0%| F|  |TAMS 0x0000000703c00000, 0x0000000703c00000| Untracked 
|  26|0x0000000703e00000, 0x0000000703e00000, 0x0000000704000000|  0%| F|  |TAMS 0x0000000703e00000, 0x0000000703e00000| Untracked 
|  27|0x0000000704000000, 0x0000000704000000, 0x0000000704200000|  0%| F|  |TAMS 0x0000000704000000, 0x0000000704000000| Untracked 
|  28|0x0000000704200000, 0x0000000704200000, 0x0000000704400000|  0%| F|  |TAMS 0x0000000704200000, 0x0000000704200000| Untracked 
|  29|0x0000000704400000, 0x0000000704400000, 0x0000000704600000|  0%| F|  |TAMS 0x0000000704400000, 0x0000000704400000| Untracked 
|  30|0x0000000704600000, 0x0000000704600000, 0x0000000704800000|  0%| F|  |TAMS 0x0000000704600000, 0x0000000704600000| Untracked 
|  31|0x0000000704800000, 0x0000000704800000, 0x0000000704a00000|  0%| F|  |TAMS 0x0000000704800000, 0x0000000704800000| Untracked 
|  32|0x0000000704a00000, 0x0000000704a00000, 0x0000000704c00000|  0%| F|  |TAMS 0x0000000704a00000, 0x0000000704a00000| Untracked 
|  33|0x0000000704c00000, 0x0000000704c00000, 0x0000000704e00000|  0%| F|  |TAMS 0x0000000704c00000, 0x0000000704c00000| Untracked 
|  34|0x0000000704e00000, 0x0000000704e00000, 0x0000000705000000|  0%| F|  |TAMS 0x0000000704e00000, 0x0000000704e00000| Untracked 
|  35|0x0000000705000000, 0x0000000705000000, 0x0000000705200000|  0%| F|  |TAMS 0x0000000705000000, 0x0000000705000000| Untracked 
|  36|0x0000000705200000, 0x0000000705200000, 0x0000000705400000|  0%| F|  |TAMS 0x0000000705200000, 0x0000000705200000| Untracked 
|  37|0x0000000705400000, 0x0000000705400000, 0x0000000705600000|  0%| F|  |TAMS 0x0000000705400000, 0x0000000705400000| Untracked 
|  38|0x0000000705600000, 0x0000000705600000, 0x0000000705800000|  0%| F|  |TAMS 0x0000000705600000, 0x0000000705600000| Untracked 
|  39|0x0000000705800000, 0x0000000705800000, 0x0000000705a00000|  0%| F|  |TAMS 0x0000000705800000, 0x0000000705800000| Untracked 
|  40|0x0000000705a00000, 0x0000000705a00000, 0x0000000705c00000|  0%| F|  |TAMS 0x0000000705a00000, 0x0000000705a00000| Untracked 
|  41|0x0000000705c00000, 0x0000000705c00000, 0x0000000705e00000|  0%| F|  |TAMS 0x0000000705c00000, 0x0000000705c00000| Untracked 
|  42|0x0000000705e00000, 0x0000000705e00000, 0x0000000706000000|  0%| F|  |TAMS 0x0000000705e00000, 0x0000000705e00000| Untracked 
|  43|0x0000000706000000, 0x0000000706000000, 0x0000000706200000|  0%| F|  |TAMS 0x0000000706000000, 0x0000000706000000| Untracked 
|  44|0x0000000706200000, 0x0000000706200000, 0x0000000706400000|  0%| F|  |TAMS 0x0000000706200000, 0x0000000706200000| Untracked 
|  45|0x0000000706400000, 0x0000000706400000, 0x0000000706600000|  0%| F|  |TAMS 0x0000000706400000, 0x0000000706400000| Untracked 
|  46|0x0000000706600000, 0x0000000706600000, 0x0000000706800000|  0%| F|  |TAMS 0x0000000706600000, 0x0000000706600000| Untracked 
|  47|0x0000000706800000, 0x0000000706800000, 0x0000000706a00000|  0%| F|  |TAMS 0x0000000706800000, 0x0000000706800000| Untracked 
|  48|0x0000000706a00000, 0x0000000706a00000, 0x0000000706c00000|  0%| F|  |TAMS 0x0000000706a00000, 0x0000000706a00000| Untracked 
|  49|0x0000000706c00000, 0x0000000706c00000, 0x0000000706e00000|  0%| F|  |TAMS 0x0000000706c00000, 0x0000000706c00000| Untracked 
|  50|0x0000000706e00000, 0x0000000706e00000, 0x0000000707000000|  0%| F|  |TAMS 0x0000000706e00000, 0x0000000706e00000| Untracked 
|  51|0x0000000707000000, 0x0000000707000000, 0x0000000707200000|  0%| F|  |TAMS 0x0000000707000000, 0x0000000707000000| Untracked 
|  52|0x0000000707200000, 0x0000000707200000, 0x0000000707400000|  0%| F|  |TAMS 0x0000000707200000, 0x0000000707200000| Untracked 
|  53|0x0000000707400000, 0x0000000707400000, 0x0000000707600000|  0%| F|  |TAMS 0x0000000707400000, 0x0000000707400000| Untracked 
|  54|0x0000000707600000, 0x0000000707600000, 0x0000000707800000|  0%| F|  |TAMS 0x0000000707600000, 0x0000000707600000| Untracked 
|  55|0x0000000707800000, 0x0000000707800000, 0x0000000707a00000|  0%| F|  |TAMS 0x0000000707800000, 0x0000000707800000| Untracked 
|  56|0x0000000707a00000, 0x0000000707a00000, 0x0000000707c00000|  0%| F|  |TAMS 0x0000000707a00000, 0x0000000707a00000| Untracked 
|  57|0x0000000707c00000, 0x0000000707c00000, 0x0000000707e00000|  0%| F|  |TAMS 0x0000000707c00000, 0x0000000707c00000| Untracked 
|  58|0x0000000707e00000, 0x0000000707e00000, 0x0000000708000000|  0%| F|  |TAMS 0x0000000707e00000, 0x0000000707e00000| Untracked 
|  59|0x0000000708000000, 0x0000000708000000, 0x0000000708200000|  0%| F|  |TAMS 0x0000000708000000, 0x0000000708000000| Untracked 
|  60|0x0000000708200000, 0x0000000708200000, 0x0000000708400000|  0%| F|  |TAMS 0x0000000708200000, 0x0000000708200000| Untracked 
|  61|0x0000000708400000, 0x0000000708400000, 0x0000000708600000|  0%| F|  |TAMS 0x0000000708400000, 0x0000000708400000| Untracked 
|  62|0x0000000708600000, 0x0000000708600000, 0x0000000708800000|  0%| F|  |TAMS 0x0000000708600000, 0x0000000708600000| Untracked 
|  63|0x0000000708800000, 0x0000000708800000, 0x0000000708a00000|  0%| F|  |TAMS 0x0000000708800000, 0x0000000708800000| Untracked 
|  64|0x0000000708a00000, 0x0000000708a00000, 0x0000000708c00000|  0%| F|  |TAMS 0x0000000708a00000, 0x0000000708a00000| Untracked 
|  65|0x0000000708c00000, 0x0000000708c00000, 0x0000000708e00000|  0%| F|  |TAMS 0x0000000708c00000, 0x0000000708c00000| Untracked 
|  66|0x0000000708e00000, 0x0000000708e00000, 0x0000000709000000|  0%| F|  |TAMS 0x0000000708e00000, 0x0000000708e00000| Untracked 
|  67|0x0000000709000000, 0x0000000709000000, 0x0000000709200000|  0%| F|  |TAMS 0x0000000709000000, 0x0000000709000000| Untracked 
|  68|0x0000000709200000, 0x0000000709200000, 0x0000000709400000|  0%| F|  |TAMS 0x0000000709200000, 0x0000000709200000| Untracked 
|  69|0x0000000709400000, 0x0000000709400000, 0x0000000709600000|  0%| F|  |TAMS 0x0000000709400000, 0x0000000709400000| Untracked 
|  70|0x0000000709600000, 0x0000000709600000, 0x0000000709800000|  0%| F|  |TAMS 0x0000000709600000, 0x0000000709600000| Untracked 
|  71|0x0000000709800000, 0x0000000709800000, 0x0000000709a00000|  0%| F|  |TAMS 0x0000000709800000, 0x0000000709800000| Untracked 
|  72|0x0000000709a00000, 0x0000000709a00000, 0x0000000709c00000|  0%| F|  |TAMS 0x0000000709a00000, 0x0000000709a00000| Untracked 
|  73|0x0000000709c00000, 0x0000000709c00000, 0x0000000709e00000|  0%| F|  |TAMS 0x0000000709c00000, 0x0000000709c00000| Untracked 
|  74|0x0000000709e00000, 0x0000000709e00000, 0x000000070a000000|  0%| F|  |TAMS 0x0000000709e00000, 0x0000000709e00000| Untracked 
|  75|0x000000070a000000, 0x000000070a000000, 0x000000070a200000|  0%| F|  |TAMS 0x000000070a000000, 0x000000070a000000| Untracked 
|  76|0x000000070a200000, 0x000000070a200000, 0x000000070a400000|  0%| F|  |TAMS 0x000000070a200000, 0x000000070a200000| Untracked 
|  77|0x000000070a400000, 0x000000070a400000, 0x000000070a600000|  0%| F|  |TAMS 0x000000070a400000, 0x000000070a400000| Untracked 
|  78|0x000000070a600000, 0x000000070a600000, 0x000000070a800000|  0%| F|  |TAMS 0x000000070a600000, 0x000000070a600000| Untracked 
|  79|0x000000070a800000, 0x000000070a800000, 0x000000070aa00000|  0%| F|  |TAMS 0x000000070a800000, 0x000000070a800000| Untracked 
|  80|0x000000070aa00000, 0x000000070aa00000, 0x000000070ac00000|  0%| F|  |TAMS 0x000000070aa00000, 0x000000070aa00000| Untracked 
|  81|0x000000070ac00000, 0x000000070ac00000, 0x000000070ae00000|  0%| F|  |TAMS 0x000000070ac00000, 0x000000070ac00000| Untracked 
|  82|0x000000070ae00000, 0x000000070ae00000, 0x000000070b000000|  0%| F|  |TAMS 0x000000070ae00000, 0x000000070ae00000| Untracked 
|  83|0x000000070b000000, 0x000000070b000000, 0x000000070b200000|  0%| F|  |TAMS 0x000000070b000000, 0x000000070b000000| Untracked 
|  84|0x000000070b200000, 0x000000070b200000, 0x000000070b400000|  0%| F|  |TAMS 0x000000070b200000, 0x000000070b200000| Untracked 
|  85|0x000000070b400000, 0x000000070b400000, 0x000000070b600000|  0%| F|  |TAMS 0x000000070b400000, 0x000000070b400000| Untracked 
|  86|0x000000070b600000, 0x000000070b600000, 0x000000070b800000|  0%| F|  |TAMS 0x000000070b600000, 0x000000070b600000| Untracked 
|  87|0x000000070b800000, 0x000000070b800000, 0x000000070ba00000|  0%| F|  |TAMS 0x000000070b800000, 0x000000070b800000| Untracked 
|  88|0x000000070ba00000, 0x000000070ba00000, 0x000000070bc00000|  0%| F|  |TAMS 0x000000070ba00000, 0x000000070ba00000| Untracked 
|  89|0x000000070bc00000, 0x000000070bc00000, 0x000000070be00000|  0%| F|  |TAMS 0x000000070bc00000, 0x000000070bc00000| Untracked 
|  90|0x000000070be00000, 0x000000070be00000, 0x000000070c000000|  0%| F|  |TAMS 0x000000070be00000, 0x000000070be00000| Untracked 
|  91|0x000000070c000000, 0x000000070c000000, 0x000000070c200000|  0%| F|  |TAMS 0x000000070c000000, 0x000000070c000000| Untracked 
|  92|0x000000070c200000, 0x000000070c200000, 0x000000070c400000|  0%| F|  |TAMS 0x000000070c200000, 0x000000070c200000| Untracked 
|  93|0x000000070c400000, 0x000000070c400000, 0x000000070c600000|  0%| F|  |TAMS 0x000000070c400000, 0x000000070c400000| Untracked 
|  94|0x000000070c600000, 0x000000070c600000, 0x000000070c800000|  0%| F|  |TAMS 0x000000070c600000, 0x000000070c600000| Untracked 
|  95|0x000000070c800000, 0x000000070c800000, 0x000000070ca00000|  0%| F|  |TAMS 0x000000070c800000, 0x000000070c800000| Untracked 
|  96|0x000000070ca00000, 0x000000070ca00000, 0x000000070cc00000|  0%| F|  |TAMS 0x000000070ca00000, 0x000000070ca00000| Untracked 
|  97|0x000000070cc00000, 0x000000070cc00000, 0x000000070ce00000|  0%| F|  |TAMS 0x000000070cc00000, 0x000000070cc00000| Untracked 
|  98|0x000000070ce00000, 0x000000070ce00000, 0x000000070d000000|  0%| F|  |TAMS 0x000000070ce00000, 0x000000070ce00000| Untracked 
|  99|0x000000070d000000, 0x000000070d000000, 0x000000070d200000|  0%| F|  |TAMS 0x000000070d000000, 0x000000070d000000| Untracked 
| 100|0x000000070d200000, 0x000000070d200000, 0x000000070d400000|  0%| F|  |TAMS 0x000000070d200000, 0x000000070d200000| Untracked 
| 101|0x000000070d400000, 0x000000070d400000, 0x000000070d600000|  0%| F|  |TAMS 0x000000070d400000, 0x000000070d400000| Untracked 
| 102|0x000000070d600000, 0x000000070d600000, 0x000000070d800000|  0%| F|  |TAMS 0x000000070d600000, 0x000000070d600000| Untracked 
| 103|0x000000070d800000, 0x000000070d800000, 0x000000070da00000|  0%| F|  |TAMS 0x000000070d800000, 0x000000070d800000| Untracked 
| 104|0x000000070da00000, 0x000000070da00000, 0x000000070dc00000|  0%| F|  |TAMS 0x000000070da00000, 0x000000070da00000| Untracked 
| 105|0x000000070dc00000, 0x000000070dc00000, 0x000000070de00000|  0%| F|  |TAMS 0x000000070dc00000, 0x000000070dc00000| Untracked 
| 106|0x000000070de00000, 0x000000070de00000, 0x000000070e000000|  0%| F|  |TAMS 0x000000070de00000, 0x000000070de00000| Untracked 
| 107|0x000000070e000000, 0x000000070e000000, 0x000000070e200000|  0%| F|  |TAMS 0x000000070e000000, 0x000000070e000000| Untracked 
| 108|0x000000070e200000, 0x000000070e200000, 0x000000070e400000|  0%| F|  |TAMS 0x000000070e200000, 0x000000070e200000| Untracked 
| 109|0x000000070e400000, 0x000000070e400000, 0x000000070e600000|  0%| F|  |TAMS 0x000000070e400000, 0x000000070e400000| Untracked 
| 110|0x000000070e600000, 0x000000070e600000, 0x000000070e800000|  0%| F|  |TAMS 0x000000070e600000, 0x000000070e600000| Untracked 
| 111|0x000000070e800000, 0x000000070e800000, 0x000000070ea00000|  0%| F|  |TAMS 0x000000070e800000, 0x000000070e800000| Untracked 
| 112|0x000000070ea00000, 0x000000070ea00000, 0x000000070ec00000|  0%| F|  |TAMS 0x000000070ea00000, 0x000000070ea00000| Untracked 
| 113|0x000000070ec00000, 0x000000070ec00000, 0x000000070ee00000|  0%| F|  |TAMS 0x000000070ec00000, 0x000000070ec00000| Untracked 
| 114|0x000000070ee00000, 0x000000070efbffa0, 0x000000070f000000| 87%| S|CS|TAMS 0x000000070ee00000, 0x000000070ee00000| Complete 
| 115|0x000000070f000000, 0x000000070f159320, 0x000000070f200000| 67%| E|  |TAMS 0x000000070f000000, 0x000000070f000000| Complete 
| 116|0x000000070f200000, 0x000000070f400000, 0x000000070f400000|100%| E|CS|TAMS 0x000000070f200000, 0x000000070f200000| Complete 
| 117|0x000000070f400000, 0x000000070f600000, 0x000000070f600000|100%| E|CS|TAMS 0x000000070f400000, 0x000000070f400000| Complete 
| 118|0x000000070f600000, 0x000000070f800000, 0x000000070f800000|100%| E|CS|TAMS 0x000000070f600000, 0x000000070f600000| Complete 
| 119|0x000000070f800000, 0x000000070fa00000, 0x000000070fa00000|100%| E|CS|TAMS 0x000000070f800000, 0x000000070f800000| Complete 
| 120|0x000000070fa00000, 0x000000070fc00000, 0x000000070fc00000|100%| E|CS|TAMS 0x000000070fa00000, 0x000000070fa00000| Complete 
| 121|0x000000070fc00000, 0x000000070fe00000, 0x000000070fe00000|100%| E|CS|TAMS 0x000000070fc00000, 0x000000070fc00000| Complete 
| 122|0x000000070fe00000, 0x0000000710000000, 0x0000000710000000|100%| E|CS|TAMS 0x000000070fe00000, 0x000000070fe00000| Complete 
| 123|0x0000000710000000, 0x0000000710200000, 0x0000000710200000|100%| E|CS|TAMS 0x0000000710000000, 0x0000000710000000| Complete 
| 124|0x0000000710200000, 0x0000000710400000, 0x0000000710400000|100%| E|CS|TAMS 0x0000000710200000, 0x0000000710200000| Complete 
| 125|0x0000000710400000, 0x0000000710600000, 0x0000000710600000|100%| E|CS|TAMS 0x0000000710400000, 0x0000000710400000| Complete 
| 126|0x0000000710600000, 0x0000000710800000, 0x0000000710800000|100%| E|CS|TAMS 0x0000000710600000, 0x0000000710600000| Complete 
| 127|0x0000000710800000, 0x0000000710a00000, 0x0000000710a00000|100%| E|CS|TAMS 0x0000000710800000, 0x0000000710800000| Complete 

Card table byte_map: [0x0000026e55ca0000,0x0000026e564a0000] _byte_map_base: 0x0000026e5249b000

Marking Bits (Prev, Next): (CMBitMap*) 0x0000026e3e8b21b0, (CMBitMap*) 0x0000026e3e8b21f0
 Prev Bits: [0x0000026e56ca0000, 0x0000026e5ac78000)
 Next Bits: [0x0000026e5ac80000, 0x0000026e5ec58000)

Polling page: 0x0000026e3c810000

Metaspace:

Usage:
  Non-class:     14.54 MB used.
      Class:      2.22 MB used.
       Both:     16.77 MB used.

Virtual space:
  Non-class space:       64.00 MB reserved,      14.69 MB ( 23%) committed,  1 nodes.
      Class space:        1.00 GB reserved,       2.38 MB ( <1%) committed,  1 nodes.
             Both:        1.06 GB reserved,      17.06 MB (  2%) committed. 

Chunk freelists:
   Non-Class:  1.20 MB
       Class:  1.66 MB
        Both:  2.86 MB

MaxMetaspaceSize: unlimited
CompressedClassSpaceSize: 1.00 GB
Initial GC threshold: 21.00 MB
Current GC threshold: 21.00 MB
CDS: on
MetaspaceReclaimPolicy: balanced
 - commit_granule_bytes: 65536.
 - commit_granule_words: 8192.
 - virtual_space_node_default_size: 8388608.
 - enlarge_chunks_in_place: 1.
 - new_chunks_are_fully_committed: 0.
 - uncommit_free_chunks: 1.
 - use_allocation_guard: 0.


Internal statistics:

num_allocs_failed_limit: 0.
num_arena_births: 192.
num_arena_deaths: 0.
num_vsnodes_births: 2.
num_vsnodes_deaths: 0.
num_space_committed: 273.
num_space_uncommitted: 0.
num_chunks_returned_to_freelist: 0.
num_chunks_taken_from_freelist: 782.
num_chunk_merges: 0.
num_chunk_splits: 507.
num_chunks_enlarged: 409.
num_inconsistent_stats: 0.

CodeHeap 'non-profiled nmethods': size=120000Kb used=843Kb max_used=843Kb free=119156Kb
 bounds [0x0000026e4dc40000, 0x0000026e4deb0000, 0x0000026e55170000]
CodeHeap 'profiled nmethods': size=120000Kb used=4342Kb max_used=4342Kb free=115657Kb
 bounds [0x0000026e46710000, 0x0000026e46b50000, 0x0000026e4dc40000]
CodeHeap 'non-nmethods': size=5760Kb used=1188Kb max_used=1237Kb free=4571Kb
 bounds [0x0000026e46170000, 0x0000026e463e0000, 0x0000026e46710000]
 total_blobs=2657 nmethods=2181 adapters=388
 compilation: enabled
              stopped_count=0, restarted_count=0
 full_count=0

Compilation events (20 events):
Event: 1.041 Thread 0x0000026e61656880 2151       1       org.springframework.core.annotation.TypeMappedAnnotation::isPresent (2 bytes)
Event: 1.041 Thread 0x0000026e61656880 nmethod 2151 0x0000026e4dd0f910 code [0x0000026e4dd0faa0, 0x0000026e4dd0fb78]
Event: 1.041 Thread 0x0000026e61656880 2152       3       java.util.stream.ReduceOps$3ReducingSink::accept (15 bytes)
Event: 1.041 Thread 0x0000026e61656880 nmethod 2152 0x0000026e46b36e10 code [0x0000026e46b36fc0, 0x0000026e46b371a8]
Event: 1.041 Thread 0x0000026e61656880 2153       3       org.springframework.core.annotation.MergedAnnotationsCollection::isMappingForType (33 bytes)
Event: 1.041 Thread 0x0000026e61656880 nmethod 2153 0x0000026e46b37290 code [0x0000026e46b37460, 0x0000026e46b37798]
Event: 1.042 Thread 0x0000026e61656880 2154       3       jdk.internal.module.Resources::toPackageName (39 bytes)
Event: 1.042 Thread 0x0000026e61656880 nmethod 2154 0x0000026e46b37910 code [0x0000026e46b37b40, 0x0000026e46b381d8]
Event: 1.042 Thread 0x0000026e61656880 2155   !   3       jdk.internal.loader.BuiltinClassLoader::findMiscResource (122 bytes)
Event: 1.043 Thread 0x0000026e61656880 nmethod 2155 0x0000026e46b38490 code [0x0000026e46b38740, 0x0000026e46b39988]
Event: 1.043 Thread 0x0000026e61656880 2156       3       org.springframework.core.annotation.AnnotationTypeMapping$MirrorSets::resolve (109 bytes)
Event: 1.043 Thread 0x0000026e61656880 nmethod 2156 0x0000026e46b39e10 code [0x0000026e46b3a000, 0x0000026e46b3a668]
Event: 1.044 Thread 0x0000026e66ce7fc0 nmethod 2137 0x0000026e4dd0fc10 code [0x0000026e4dd0fde0, 0x0000026e4dd106c8]
Event: 1.044 Thread 0x0000026e66ce7fc0 2144       4       org.springframework.asm.ClassReader::readUtf (161 bytes)
Event: 1.046 Thread 0x0000026e61656880 2158       1       org.springframework.core.annotation.MergedAnnotationsCollection::access$000 (5 bytes)
Event: 1.046 Thread 0x0000026e61656880 nmethod 2158 0x0000026e4dd10c10 code [0x0000026e4dd10da0, 0x0000026e4dd10e58]
Event: 1.047 Thread 0x0000026e61656880 2159       3       org.springframework.core.annotation.MergedAnnotation::missing (4 bytes)
Event: 1.047 Thread 0x0000026e61656880 nmethod 2159 0x0000026e46b3aa10 code [0x0000026e46b3aba0, 0x0000026e46b3acf8]
Event: 1.047 Thread 0x0000026e61656880 2160       3       org.springframework.core.annotation.MissingMergedAnnotation::getInstance (4 bytes)
Event: 1.047 Thread 0x0000026e61656880 nmethod 2160 0x0000026e46b3ad90 code [0x0000026e46b3af20, 0x0000026e46b3b018]

GC Heap History (4 events):
Event: 0.398 GC heap before
{Heap before GC invocations=0 (full 0):
 garbage-first heap   total 262144K, used 20480K [0x0000000700a00000, 0x0000000800000000)
  region size 2048K, 11 young (22528K), 0 survivors (0K)
 Metaspace       used 5200K, committed 5376K, reserved 1114112K
  class space    used 616K, committed 704K, reserved 1048576K
}
Event: 0.401 GC heap after
{Heap after GC invocations=1 (full 0):
 garbage-first heap   total 262144K, used 6522K [0x0000000700a00000, 0x0000000800000000)
  region size 2048K, 2 young (4096K), 2 survivors (4096K)
 Metaspace       used 5200K, committed 5376K, reserved 1114112K
  class space    used 616K, committed 704K, reserved 1048576K
}
Event: 0.790 GC heap before
{Heap before GC invocations=1 (full 0):
 garbage-first heap   total 262144K, used 29050K [0x0000000700a00000, 0x0000000800000000)
  region size 2048K, 13 young (26624K), 2 survivors (4096K)
 Metaspace       used 11311K, committed 11520K, reserved 1114112K
  class space    used 1400K, committed 1472K, reserved 1048576K
}
Event: 0.793 GC heap after
{Heap after GC invocations=2 (full 0):
 garbage-first heap   total 262144K, used 8564K [0x0000000700a00000, 0x0000000800000000)
  region size 2048K, 1 young (2048K), 1 survivors (2048K)
 Metaspace       used 11311K, committed 11520K, reserved 1114112K
  class space    used 1400K, committed 1472K, reserved 1048576K
}

Deoptimization events (20 events):
Event: 0.955 Thread 0x0000026e6663bb80 DEOPT PACKING pc=0x0000026e4dcdd554 sp=0x000000b61dffe8d0
Event: 0.955 Thread 0x0000026e6663bb80 DEOPT UNPACKING pc=0x0000026e461c23a3 sp=0x000000b61dffe890 mode 2
Event: 0.967 Thread 0x0000026e6663bb80 DEOPT PACKING pc=0x0000026e46aae3fd sp=0x000000b61dffdd20
Event: 0.967 Thread 0x0000026e6663bb80 DEOPT UNPACKING pc=0x0000026e461c2b43 sp=0x000000b61dffd1a8 mode 0
Event: 0.984 Thread 0x0000026e3e8413a0 Uncommon trap: trap_request=0xffffff45 fr.pc=0x0000026e4dc8441c relative=0x000000000000027c
Event: 0.984 Thread 0x0000026e3e8413a0 Uncommon trap: reason=unstable_if action=reinterpret pc=0x0000026e4dc8441c method=java.util.concurrent.ConcurrentHashMap.get(Ljava/lang/Object;)Ljava/lang/Object; @ 76 c2
Event: 0.984 Thread 0x0000026e3e8413a0 DEOPT PACKING pc=0x0000026e4dc8441c sp=0x000000b61c0fad60
Event: 0.984 Thread 0x0000026e3e8413a0 DEOPT UNPACKING pc=0x0000026e461c23a3 sp=0x000000b61c0facd8 mode 2
Event: 0.990 Thread 0x0000026e6663bb80 DEOPT PACKING pc=0x0000026e46aae3fd sp=0x000000b61dffe6f0
Event: 0.990 Thread 0x0000026e6663bb80 DEOPT UNPACKING pc=0x0000026e461c2b43 sp=0x000000b61dffdb78 mode 0
Event: 0.994 Thread 0x0000026e3e8413a0 Uncommon trap: trap_request=0xffffff45 fr.pc=0x0000026e4dcd2f98 relative=0x0000000000003cb8
Event: 0.994 Thread 0x0000026e3e8413a0 Uncommon trap: reason=unstable_if action=reinterpret pc=0x0000026e4dcd2f98 method=java.lang.invoke.MethodType.makeImpl(Ljava/lang/Class;[Ljava/lang/Class;Z)Ljava/lang/invoke/MethodType; @ 47 c2
Event: 0.994 Thread 0x0000026e3e8413a0 DEOPT PACKING pc=0x0000026e4dcd2f98 sp=0x000000b61c0fbd90
Event: 0.994 Thread 0x0000026e3e8413a0 DEOPT UNPACKING pc=0x0000026e461c23a3 sp=0x000000b61c0fbdd0 mode 2
Event: 1.021 Thread 0x0000026e6663bb80 DEOPT PACKING pc=0x0000026e46aae3fd sp=0x000000b61dffe6f0
Event: 1.021 Thread 0x0000026e6663bb80 DEOPT UNPACKING pc=0x0000026e461c2b43 sp=0x000000b61dffdb78 mode 0
Event: 1.033 Thread 0x0000026e3e8413a0 Uncommon trap: trap_request=0xffffff45 fr.pc=0x0000026e4dc9236c relative=0x0000000000000b0c
Event: 1.033 Thread 0x0000026e3e8413a0 Uncommon trap: reason=unstable_if action=reinterpret pc=0x0000026e4dc9236c method=jdk.internal.org.objectweb.asm.SymbolTable.put(Ljdk/internal/org/objectweb/asm/SymbolTable$Entry;)Ljdk/internal/org/objectweb/asm/SymbolTable$Entry; @ 13 c2
Event: 1.033 Thread 0x0000026e3e8413a0 DEOPT PACKING pc=0x0000026e4dc9236c sp=0x000000b61c0fa920
Event: 1.033 Thread 0x0000026e3e8413a0 DEOPT UNPACKING pc=0x0000026e461c23a3 sp=0x000000b61c0fa858 mode 2

Classes loaded (20 events):
Event: 0.992 Loading class java/util/concurrent/ConcurrentLinkedDeque$Itr
Event: 0.992 Loading class java/util/concurrent/ConcurrentLinkedDeque$AbstractItr
Event: 0.992 Loading class java/util/concurrent/ConcurrentLinkedDeque$AbstractItr done
Event: 0.992 Loading class java/util/concurrent/ConcurrentLinkedDeque$Itr done
Event: 0.998 Loading class java/net/SocketException
Event: 0.998 Loading class java/net/SocketException done
Event: 1.002 Loading class sun/reflect/generics/tree/BooleanSignature
Event: 1.002 Loading class sun/reflect/generics/tree/BooleanSignature done
Event: 1.002 Loading class sun/reflect/generics/tree/DoubleSignature
Event: 1.002 Loading class sun/reflect/generics/tree/DoubleSignature done
Event: 1.002 Loading class sun/reflect/generics/tree/FloatSignature
Event: 1.002 Loading class sun/reflect/generics/tree/FloatSignature done
Event: 1.002 Loading class sun/reflect/generics/tree/IntSignature
Event: 1.002 Loading class sun/reflect/generics/tree/IntSignature done
Event: 1.003 Loading class sun/reflect/generics/tree/LongSignature
Event: 1.003 Loading class sun/reflect/generics/tree/LongSignature done
Event: 1.003 Loading class sun/reflect/generics/tree/ShortSignature
Event: 1.003 Loading class sun/reflect/generics/tree/ShortSignature done
Event: 1.025 Loading class java/lang/Deprecated
Event: 1.025 Loading class java/lang/Deprecated done

Classes unloaded (0 events):
No events

Classes redefined (0 events):
No events

Internal exceptions (20 events):
Event: 0.816 Thread 0x0000026e3e8413a0 Exception <a 'java/lang/NoSuchMethodError'{0x0000000710952f10}: 'java.lang.Object java.lang.invoke.DirectMethodHandle$Holder.invokeSpecial(java.lang.Object, java.lang.Object, java.lang.Object, int, java.lang.Object)'> (0x0000000710952f10) 
thrown [t:\workspace\open\src\hotspot\share\interpreter\linkResolver.cpp, line 766]
Event: 0.816 Thread 0x0000026e3e8413a0 Exception <a 'java/lang/NoSuchMethodError'{0x000000071095bac0}: 'java.lang.Object java.lang.invoke.DirectMethodHandle$Holder.newInvokeSpecial(java.lang.Object, java.lang.Object, java.lang.Object, int, java.lang.Object)'> (0x000000071095bac0) 
thrown [t:\workspace\open\src\hotspot\share\interpreter\linkResolver.cpp, line 766]
Event: 0.816 Thread 0x0000026e3e8413a0 Exception <a 'java/lang/NoSuchMethodError'{0x0000000710963c58}: 'java.lang.Object java.lang.invoke.Invokers$Holder.linkToTargetMethod(java.lang.Object, java.lang.Object, int, java.lang.Object, java.lang.Object)'> (0x0000000710963c58) 
thrown [t:\workspace\open\src\hotspot\share\interpreter\linkResolver.cpp, line 766]
Event: 0.817 Thread 0x0000026e3e8413a0 Exception <a 'java/lang/NoSuchMethodError'{0x00000007109731a0}: 'java.lang.Object java.lang.invoke.DirectMethodHandle$Holder.newInvokeSpecial(java.lang.Object, int, java.lang.Object)'> (0x00000007109731a0) 
thrown [t:\workspace\open\src\hotspot\share\interpreter\linkResolver.cpp, line 766]
Event: 0.842 Thread 0x0000026e3e8413a0 Exception <a 'java/lang/NoSuchMethodError'{0x00000007106a25c0}: 'void java.lang.invoke.DirectMethodHandle$Holder.invokeStatic(java.lang.Object, java.lang.Object)'> (0x00000007106a25c0) 
thrown [t:\workspace\open\src\hotspot\share\interpreter\linkResolver.cpp, line 766]
Event: 0.842 Thread 0x0000026e3e8413a0 Exception <a 'java/lang/NoSuchMethodError'{0x00000007106a6108}: 'void java.lang.invoke.DirectMethodHandle$Holder.invokeStaticInit(java.lang.Object, java.lang.Object)'> (0x00000007106a6108) 
thrown [t:\workspace\open\src\hotspot\share\interpreter\linkResolver.cpp, line 766]
Event: 0.981 Thread 0x0000026e3e8413a0 Exception <a 'java/lang/ClassNotFoundException'{0x000000070f85fdf0}: java/lang/ObjectCustomizer> (0x000000070f85fdf0) 
thrown [t:\workspace\open\src\hotspot\share\classfile\systemDictionary.cpp, line 255]
Event: 0.985 Thread 0x0000026e3e8413a0 Exception <a 'java/lang/ClassNotFoundException'{0x000000070f8dd568}: org/springframework/context/annotation/ConfigurationClassPostProcessorCustomizer> (0x000000070f8dd568) 
thrown [t:\workspace\open\src\hotspot\share\classfile\systemDictionary.cpp, line 255]
Event: 0.986 Thread 0x0000026e3e8413a0 Exception <a 'java/lang/ClassNotFoundException'{0x000000070f8f35a0}: org/springframework/beans/factory/support/BeanDefinitionRegistryPostProcessorCustomizer> (0x000000070f8f35a0) 
thrown [t:\workspace\open\src\hotspot\share\classfile\systemDictionary.cpp, line 255]
Event: 0.987 Thread 0x0000026e3e8413a0 Exception <a 'java/lang/ClassNotFoundException'{0x000000070f8f89a0}: org/springframework/beans/factory/config/BeanFactoryPostProcessorCustomizer> (0x000000070f8f89a0) 
thrown [t:\workspace\open\src\hotspot\share\classfile\systemDictionary.cpp, line 255]
Event: 0.987 Thread 0x0000026e3e8413a0 Exception <a 'java/lang/ClassNotFoundException'{0x000000070f8fdb98}: org/springframework/core/PriorityOrderedCustomizer> (0x000000070f8fdb98) 
thrown [t:\workspace\open\src\hotspot\share\classfile\systemDictionary.cpp, line 255]
Event: 0.988 Thread 0x0000026e3e8413a0 Exception <a 'java/lang/ClassNotFoundException'{0x000000070f9019f0}: org/springframework/core/OrderedCustomizer> (0x000000070f9019f0) 
thrown [t:\workspace\open\src\hotspot\share\classfile\systemDictionary.cpp, line 255]
Event: 0.988 Thread 0x0000026e3e8413a0 Exception <a 'java/lang/ClassNotFoundException'{0x000000070f906a60}: org/springframework/context/ResourceLoaderAwareCustomizer> (0x000000070f906a60) 
thrown [t:\workspace\open\src\hotspot\share\classfile\systemDictionary.cpp, line 255]
Event: 0.989 Thread 0x0000026e3e8413a0 Exception <a 'java/lang/ClassNotFoundException'{0x000000070f90bc28}: org/springframework/beans/factory/AwareCustomizer> (0x000000070f90bc28) 
thrown [t:\workspace\open\src\hotspot\share\classfile\systemDictionary.cpp, line 255]
Event: 0.989 Thread 0x0000026e3e8413a0 Exception <a 'java/lang/ClassNotFoundException'{0x000000070f90fde8}: org/springframework/context/ApplicationStartupAwareCustomizer> (0x000000070f90fde8) 
thrown [t:\workspace\open\src\hotspot\share\classfile\systemDictionary.cpp, line 255]
Event: 0.989 Thread 0x0000026e3e8413a0 Exception <a 'java/lang/ClassNotFoundException'{0x000000070f915238}: org/springframework/beans/factory/AwareCustomizer> (0x000000070f915238) 
thrown [t:\workspace\open\src\hotspot\share\classfile\systemDictionary.cpp, line 255]
Event: 0.990 Thread 0x0000026e3e8413a0 Exception <a 'java/lang/ClassNotFoundException'{0x000000070f919430}: org/springframework/beans/factory/BeanClassLoaderAwareCustomizer> (0x000000070f919430) 
thrown [t:\workspace\open\src\hotspot\share\classfile\systemDictionary.cpp, line 255]
Event: 0.990 Thread 0x0000026e3e8413a0 Exception <a 'java/lang/ClassNotFoundException'{0x000000070f91e5e0}: org/springframework/beans/factory/AwareCustomizer> (0x000000070f91e5e0) 
thrown [t:\workspace\open\src\hotspot\share\classfile\systemDictionary.cpp, line 255]
Event: 0.990 Thread 0x0000026e3e8413a0 Exception <a 'java/lang/ClassNotFoundException'{0x000000070f922538}: org/springframework/context/EnvironmentAwareCustomizer> (0x000000070f922538) 
thrown [t:\workspace\open\src\hotspot\share\classfile\systemDictionary.cpp, line 255]
Event: 0.991 Thread 0x0000026e3e8413a0 Exception <a 'java/lang/ClassNotFoundException'{0x000000070f927680}: org/springframework/beans/factory/AwareCustomizer> (0x000000070f927680) 
thrown [t:\workspace\open\src\hotspot\share\classfile\systemDictionary.cpp, line 255]

VM Operations (20 events):
Event: 0.443 Executing VM operation: HandshakeAllThreads
Event: 0.443 Executing VM operation: HandshakeAllThreads done
Event: 0.466 Executing VM operation: HandshakeAllThreads
Event: 0.466 Executing VM operation: HandshakeAllThreads done
Event: 0.669 Executing VM operation: HandshakeAllThreads
Event: 0.669 Executing VM operation: HandshakeAllThreads done
Event: 0.790 Executing VM operation: G1CollectForAllocation
Event: 0.793 Executing VM operation: G1CollectForAllocation done
Event: 0.807 Executing VM operation: HandshakeAllThreads
Event: 0.807 Executing VM operation: HandshakeAllThreads done
Event: 0.827 Executing VM operation: HandshakeAllThreads
Event: 0.827 Executing VM operation: HandshakeAllThreads done
Event: 0.962 Executing VM operation: ICBufferFull
Event: 0.962 Executing VM operation: ICBufferFull done
Event: 0.964 Executing VM operation: HandshakeAllThreads
Event: 0.964 Executing VM operation: HandshakeAllThreads done
Event: 0.964 Executing VM operation: HandshakeAllThreads
Event: 0.964 Executing VM operation: HandshakeAllThreads done
Event: 0.999 Executing VM operation: HandshakeAllThreads
Event: 0.999 Executing VM operation: HandshakeAllThreads done

Events (20 events):
Event: 0.018 Thread 0x0000026e61649ae0 Thread added: 0x0000026e61649ae0
Event: 0.018 Thread 0x0000026e6164cb40 Thread added: 0x0000026e6164cb40
Event: 0.018 Thread 0x0000026e61651310 Thread added: 0x0000026e61651310
Event: 0.018 Thread 0x0000026e616527d0 Thread added: 0x0000026e616527d0
Event: 0.019 Thread 0x0000026e61656880 Thread added: 0x0000026e61656880
Event: 0.019 Thread 0x0000026e61665970 Thread added: 0x0000026e61665970
Event: 0.027 Thread 0x0000026e658a6450 Thread added: 0x0000026e658a6450
Event: 0.028 Thread 0x0000026e658ab7d0 Thread added: 0x0000026e658ab7d0
Event: 0.031 Loaded shared library C:\Program Files\Java\jdk-18\bin\net.dll
Event: 0.032 Loaded shared library C:\Program Files\Java\jdk-18\bin\nio.dll
Event: 0.034 Loaded shared library C:\Program Files\Java\jdk-18\bin\zip.dll
Event: 0.047 Thread 0x0000026e658d09e0 Thread added: 0x0000026e658d09e0
Event: 0.056 Loaded shared library C:\Program Files\Java\jdk-18\bin\management.dll
Event: 0.060 Loaded shared library C:\Program Files\Java\jdk-18\bin\management_ext.dll
Event: 0.079 Loaded shared library C:\Program Files\Java\jdk-18\bin\jimage.dll
Event: 0.100 Thread 0x0000026e65979c90 Thread added: 0x0000026e65979c90
Event: 0.105 Loaded shared library C:\Program Files\Java\jdk-18\bin\verify.dll
Event: 0.130 Thread 0x0000026e65b2d2c0 Thread added: 0x0000026e65b2d2c0
Event: 0.764 Thread 0x0000026e66ce7fc0 Thread added: 0x0000026e66ce7fc0
Event: 0.887 Thread 0x0000026e6663bb80 Thread added: 0x0000026e6663bb80


Dynamic libraries:
0x00007ff731c10000 - 0x00007ff731c20000 	C:\Program Files\Java\jdk-18\bin\java.exe
0x00007ffe53b90000 - 0x00007ffe53d88000 	C:\WINDOWS\SYSTEM32\ntdll.dll
0x00007ffe53930000 - 0x00007ffe539ed000 	C:\WINDOWS\System32\KERNEL32.DLL
0x00007ffe51570000 - 0x00007ffe51842000 	C:\WINDOWS\System32\KERNELBASE.dll
0x00007ffe51470000 - 0x00007ffe51570000 	C:\WINDOWS\System32\ucrtbase.dll
0x00007ffe39150000 - 0x00007ffe39168000 	C:\Program Files\Java\jdk-18\bin\jli.dll
0x00007ffe39170000 - 0x00007ffe3918a000 	C:\Program Files\Java\jdk-18\bin\VCRUNTIME140.dll
0x00007ffe53aa0000 - 0x00007ffe53b4e000 	C:\WINDOWS\System32\ADVAPI32.dll
0x00007ffe52f20000 - 0x00007ffe52fbe000 	C:\WINDOWS\System32\msvcrt.dll
0x00007ffe539f0000 - 0x00007ffe53a8c000 	C:\WINDOWS\System32\sechost.dll
0x00007ffe527d0000 - 0x00007ffe528f5000 	C:\WINDOWS\System32\RPCRT4.dll
0x00007ffe52d80000 - 0x00007ffe52f1d000 	C:\WINDOWS\System32\USER32.dll
0x00007ffe51440000 - 0x00007ffe51462000 	C:\WINDOWS\System32\win32u.dll
0x00007ffe3ed60000 - 0x00007ffe3effa000 	C:\WINDOWS\WinSxS\amd64_microsoft.windows.common-controls_6595b64144ccf1df_6.0.19041.1110_none_60b5254171f9507e\COMCTL32.dll
0x00007ffe52740000 - 0x00007ffe5276b000 	C:\WINDOWS\System32\GDI32.dll
0x00007ffe51a70000 - 0x00007ffe51b7f000 	C:\WINDOWS\System32\gdi32full.dll
0x00007ffe51350000 - 0x00007ffe513ed000 	C:\WINDOWS\System32\msvcp_win.dll
0x00007ffe4bb90000 - 0x00007ffe4bb9a000 	C:\WINDOWS\SYSTEM32\VERSION.dll
0x00007ffe53140000 - 0x00007ffe53170000 	C:\WINDOWS\System32\IMM32.DLL
0x00007ffe39430000 - 0x00007ffe3943c000 	C:\Program Files\Java\jdk-18\bin\vcruntime140_1.dll
0x00007ffe390c0000 - 0x00007ffe3914d000 	C:\Program Files\Java\jdk-18\bin\msvcp140.dll
0x00007ffe36de0000 - 0x00007ffe379f1000 	C:\Program Files\Java\jdk-18\bin\server\jvm.dll
0x00007ffe53920000 - 0x00007ffe53928000 	C:\WINDOWS\System32\PSAPI.DLL
0x00007ffe3ba50000 - 0x00007ffe3ba59000 	C:\WINDOWS\SYSTEM32\WSOCK32.dll
0x00007ffe4a860000 - 0x00007ffe4a887000 	C:\WINDOWS\SYSTEM32\WINMM.dll
0x00007ffe52340000 - 0x00007ffe523ab000 	C:\WINDOWS\System32\WS2_32.dll
0x00007ffe4f180000 - 0x00007ffe4f192000 	C:\WINDOWS\SYSTEM32\kernel.appcore.dll
0x00007ffe38860000 - 0x00007ffe3886a000 	C:\Program Files\Java\jdk-18\bin\jimage.dll
0x00007ffe3f960000 - 0x00007ffe3fb44000 	C:\WINDOWS\SYSTEM32\DBGHELP.DLL
0x00007ffe39380000 - 0x00007ffe393ac000 	C:\WINDOWS\SYSTEM32\dbgcore.DLL
0x00007ffe51850000 - 0x00007ffe518d2000 	C:\WINDOWS\System32\bcryptPrimitives.dll
0x00007ffe36730000 - 0x00007ffe36755000 	C:\Program Files\Java\jdk-18\bin\java.dll
0x00007ffe361a0000 - 0x00007ffe36276000 	C:\Program Files\Java\jdk-18\bin\jsvml.dll
0x00007ffe53170000 - 0x00007ffe538b3000 	C:\WINDOWS\System32\SHELL32.dll
0x00007ffe4f380000 - 0x00007ffe4fb11000 	C:\WINDOWS\SYSTEM32\windows.storage.dll
0x00007ffe51de0000 - 0x00007ffe52134000 	C:\WINDOWS\System32\combase.dll
0x00007ffe50d00000 - 0x00007ffe50d30000 	C:\WINDOWS\SYSTEM32\Wldp.dll
0x00007ffe52fc0000 - 0x00007ffe5306d000 	C:\WINDOWS\System32\SHCORE.dll
0x00007ffe538c0000 - 0x00007ffe53915000 	C:\WINDOWS\System32\shlwapi.dll
0x00007ffe511e0000 - 0x00007ffe511ff000 	C:\WINDOWS\SYSTEM32\profapi.dll
0x00007ffe3f030000 - 0x00007ffe3f043000 	C:\Program Files\Java\jdk-18\bin\net.dll
0x00007ffe4a910000 - 0x00007ffe4aa1d000 	C:\WINDOWS\SYSTEM32\WINHTTP.dll
0x00007ffe50a60000 - 0x00007ffe50aca000 	C:\WINDOWS\system32\mswsock.dll
0x00007ffe3f000000 - 0x00007ffe3f016000 	C:\Program Files\Java\jdk-18\bin\nio.dll
0x00007ffe35c80000 - 0x00007ffe35c98000 	C:\Program Files\Java\jdk-18\bin\zip.dll
0x00007ffe35090000 - 0x00007ffe35099000 	C:\Program Files\Java\jdk-18\bin\management.dll
0x00007ffe34f70000 - 0x00007ffe34f7b000 	C:\Program Files\Java\jdk-18\bin\management_ext.dll
0x00007ffe34f80000 - 0x00007ffe34f90000 	C:\Program Files\Java\jdk-18\bin\verify.dll
0x00007ffe34f90000 - 0x00007ffe34fa7000 	C:\WINDOWS\system32\napinsp.dll
0x00007ffe34bd0000 - 0x00007ffe34beb000 	C:\WINDOWS\system32\pnrpnsp.dll
0x00007ffe347f0000 - 0x00007ffe34805000 	C:\WINDOWS\system32\wshbth.dll
0x00007ffe4cc50000 - 0x00007ffe4cc6d000 	C:\WINDOWS\system32\NLAapi.dll
0x00007ffe50700000 - 0x00007ffe5073b000 	C:\WINDOWS\SYSTEM32\IPHLPAPI.DLL
0x00007ffe50740000 - 0x00007ffe5080a000 	C:\WINDOWS\SYSTEM32\DNSAPI.dll
0x00007ffe53a90000 - 0x00007ffe53a98000 	C:\WINDOWS\System32\NSI.dll
0x00007ffe347d0000 - 0x00007ffe347e2000 	C:\WINDOWS\System32\winrnr.dll
0x00007ffe4a130000 - 0x00007ffe4a13a000 	C:\Windows\System32\rasadhlp.dll
0x00007ffe492b0000 - 0x00007ffe49330000 	C:\WINDOWS\System32\fwpuclnt.dll
0x00007ffe518e0000 - 0x00007ffe51907000 	C:\WINDOWS\System32\bcrypt.dll

dbghelp: loaded successfully - version: 4.0.5 - missing functions: none
symbol engine: initialized successfully - sym options: 0x614 - pdb path: .;C:\Program Files\Java\jdk-18\bin;C:\WINDOWS\SYSTEM32;C:\WINDOWS\WinSxS\amd64_microsoft.windows.common-controls_6595b64144ccf1df_6.0.19041.1110_none_60b5254171f9507e;C:\Program Files\Java\jdk-18\bin\server

VM Arguments:
java_command: C:\Users\Pavel\AppData\Local\Temp\surefire11954943987405727862\surefirebooter11855176870909283585.jar C:\Users\Pavel\AppData\Local\Temp\surefire11954943987405727862 2022-10-16T18-18-41_219-jvmRun1 surefire6399874898486246867tmp surefire_04461245070218997434tmp
java_class_path (initial): C:\Users\Pavel\AppData\Local\Temp\surefire11954943987405727862\surefirebooter11855176870909283585.jar
Launcher Type: SUN_STANDARD

[Global flags]
     intx CICompilerCount                          = 4                                         {product} {ergonomic}
     uint ConcGCThreads                            = 2                                         {product} {ergonomic}
     uint G1ConcRefinementThreads                  = 8                                         {product} {ergonomic}
   size_t G1HeapRegionSize                         = 2097152                                   {product} {ergonomic}
    uintx GCDrainStackTargetSize                   = 64                                        {product} {ergonomic}
   size_t InitialHeapSize                          = 268435456                                 {product} {ergonomic}
   size_t MarkStackSize                            = 4194304                                   {product} {ergonomic}
   size_t MaxHeapSize                              = 4284481536                                {product} {ergonomic}
   size_t MaxNewSize                               = 2569011200                                {product} {ergonomic}
   size_t MinHeapDeltaBytes                        = 2097152                                   {product} {ergonomic}
   size_t MinHeapSize                              = 8388608                                   {product} {ergonomic}
    uintx NonNMethodCodeHeapSize                   = 5839372                                {pd product} {ergonomic}
    uintx NonProfiledCodeHeapSize                  = 122909434                              {pd product} {ergonomic}
    uintx ProfiledCodeHeapSize                     = 122909434                              {pd product} {ergonomic}
    uintx ReservedCodeCacheSize                    = 251658240                              {pd product} {ergonomic}
     bool SegmentedCodeCache                       = true                                      {product} {ergonomic}
   size_t SoftMaxHeapSize                          = 4284481536                             {manageable} {ergonomic}
     bool UseCompressedClassPointers               = true                           {product lp64_product} {ergonomic}
     bool UseCompressedOops                        = true                           {product lp64_product} {ergonomic}
     bool UseG1GC                                  = true                                      {product} {ergonomic}
     bool UseLargePagesIndividualAllocation        = false                                  {pd product} {ergonomic}

Logging:
Log output configuration:
 #0: stdout all=warning uptime,level,tags foldmultilines=false
 #1: stderr all=off uptime,level,tags foldmultilines=false

Environment Variables:
JAVA_HOME=C:\Program Files\Java\jdk-18
PATH=C:\Program Files\Common Files\Oracle\Java\javapath;C:\Program Files (x86)\Common Files\Oracle\Java\javapath;C:\ProgramData\Oracle\Java\javapath;C:\Windows\system32;C:\Windows;C:\Windows\System32\Wbem;C:\Windows\System32\WindowsPowerShell\v1.0\;C:\Windows\System32\OpenSSH\;C:\Program Files\NVIDIA Corporation\NVIDIA NvDLISR;C:\Program Files (x86)\NVIDIA Corporation\PhysX\Common;C:\Program Files\Microsoft SQL Server\130\Tools\Binn\;C:\Program Files\Microsoft SQL Server\Client SDK\ODBC\170\Tools\Binn\;C:\WINDOWS\system32;C:\WINDOWS;C:\WINDOWS\System32\Wbem;C:\WINDOWS\System32\WindowsPowerShell\v1.0\;C:\WINDOWS\System32\OpenSSH\;C:\Program Files\dotnet\;C:\Program Files\nodejs\;C:\Program Files\Git\cmd;C:\Users\Pavel\AppData\Local\Microsoft\WindowsApps;C:\Users\Pavel\.dotnet\tools;C:\php;C:\php\bin;C:\Users\Pavel\AppData\Roaming\npm;C:\Program Files\apache-maven-3.8.6\bin;C:\Program Files\PostgreSQL\14\bin;;C:\Users\Pavel\AppData\Local\JetBrains\Toolbox\scripts;C:\Program Files\JetBrains\IntelliJ IDEA 2022.2\bin;
USERNAME=Pavel
OS=Windows_NT
PROCESSOR_IDENTIFIER=Intel64 Family 6 Model 158 Stepping 9, GenuineIntel



---------------  S Y S T E M  ---------------

OS:
 Windows 10 , 64 bit Build 19041 (10.0.19041.1889)
OS uptime: 3 days 10:53 hours

CPU: total 8 (initial active 8) (4 cores per cpu, 2 threads per core) family 6 model 158 stepping 9 microcode 0xb4, cx8, cmov, fxsr, ht, mmx, 3dnowpref, sse, sse2, sse3, ssse3, sse4.1, sse4.2, popcnt, lzcnt, tsc, tscinvbit, avx, avx2, aes, erms, clmul, bmi1, bmi2, rtm, adx, fma, vzeroupper, clflush, clflushopt

Memory: 4k page, system-wide physical 16342M (1837M free)
TotalPageFile size 26342M (AvailPageFile size 5M)
current process WorkingSet (physical memory assigned to process): 121M, peak: 121M
current process commit charge ("private bytes"): 393M, peak: 393M

vm_info: Java HotSpot(TM) 64-Bit Server VM (18+36-2087) for windows-amd64 JRE (18+36-2087), built on Feb 15 2022 09:43:11 by "mach5one" with MS VC++ 16.8 / 16.9 (VS2019)

END.
